0 info it worked if it ends with ok
1 verbose cli [ 'C:\\Program Files\\nodejs\\node.exe',
1 verbose cli   'C:\\Program Files\\nodejs\\node_modules\\npm\\bin\\npm-cli.js',
1 verbose cli   'run',
1 verbose cli   'start-android-bundle' ]
2 info using npm@3.10.8
3 info using node@v6.9.1
4 verbose run-script [ 'prestart-android-bundle',
4 verbose run-script   'start-android-bundle',
4 verbose run-script   'poststart-android-bundle' ]
5 info lifecycle @~prestart-android-bundle: @
6 silly lifecycle @~prestart-android-bundle: no script for prestart-android-bundle, continuing
7 info lifecycle @~start-android-bundle: @
8 verbose lifecycle @~start-android-bundle: unsafe-perm in lifecycle true
9 verbose lifecycle @~start-android-bundle: PATH: C:\Program Files\nodejs\node_modules\npm\bin\node-gyp-bin;D:\git-NickIliev\NativeScript-Issues-2017\NativeScript\issue_4158\node_modules\.bin;C:\ProgramData\Oracle\Java\javapath;C:\WINDOWS\system32;C:\WINDOWS;C:\WINDOWS\System32\Wbem;C:\WINDOWS\System32\WindowsPowerShell\v1.0\;C:\WINDOWS\system32\config\systemprofile\.dnx\bin;C:\Program Files\Microsoft DNX\Dnvm\;C:\Program Files\Microsoft SQL Server\130\Tools\Binn\;C:\Program Files\Microsoft SQL Server\120\DTS\Binn\;C:\Program Files\Microsoft SQL Server\Client SDK\ODBC\110\Tools\Binn\;C:\Program Files (x86)\Microsoft SQL Server\120\Tools\Binn\;C:\Program Files\Microsoft SQL Server\120\Tools\Binn\;C:\Program Files (x86)\Microsoft SQL Server\120\Tools\Binn\ManagementStudio\;C:\Program Files (x86)\Microsoft SQL Server\120\DTS\Binn\;C:\Program Files\nodejs\;C:\Users\niliev\AppData\Local\Android\sdk;C:\Users\niliev\AppData\Local\Android\sdk\platform-tools;C:\Users\niliev\AppData\Local\Android\sdk\build-tools;C:\Users\niliev\AppData\Local\Android\sdk\tools;C:\Program Files\Git\cmd;C:\Program Files\Git\mingw64\bin;C:\Program Files\Git\usr\bin;C:\Users\niliev\AppData\Local\Microsoft\WindowsApps;C:\Users\niliev\AppData\Roaming\npm;C:\Program Files (x86)\Microsoft VS Code\bin
10 verbose lifecycle @~start-android-bundle: CWD: D:\git-NickIliev\NativeScript-Issues-2017\NativeScript\issue_4158
11 silly lifecycle @~start-android-bundle: Args: [ '/d /s /c', 'npm run ns-bundle --android --start-app' ]
12 silly lifecycle @~start-android-bundle: Returned: code: 1  signal: null
13 info lifecycle @~start-android-bundle: Failed to exec start-android-bundle script
14 verbose stack Error: @ start-android-bundle: `npm run ns-bundle --android --start-app`
14 verbose stack Exit status 1
14 verbose stack     at EventEmitter.<anonymous> (C:\Program Files\nodejs\node_modules\npm\lib\utils\lifecycle.js:255:16)
14 verbose stack     at emitTwo (events.js:106:13)
14 verbose stack     at EventEmitter.emit (events.js:191:7)
14 verbose stack     at ChildProcess.<anonymous> (C:\Program Files\nodejs\node_modules\npm\lib\utils\spawn.js:40:14)
14 verbose stack     at emitTwo (events.js:106:13)
14 verbose stack     at ChildProcess.emit (events.js:191:7)
14 verbose stack     at maybeClose (internal/child_process.js:877:16)
14 verbose stack     at Process.ChildProcess._handle.onexit (internal/child_process.js:226:5)
15 verbose pkgid @
16 verbose cwd D:\git-NickIliev\NativeScript-Issues-2017\NativeScript\issue_4158
17 error Windows_NT 10.0.14393
18 error argv "C:\\Program Files\\nodejs\\node.exe" "C:\\Program Files\\nodejs\\node_modules\\npm\\bin\\npm-cli.js" "run" "start-android-bundle"
19 error node v6.9.1
20 error npm  v3.10.8
21 error code ELIFECYCLE
22 error @ start-android-bundle: `npm run ns-bundle --android --start-app`
22 error Exit status 1
23 error Failed at the @ start-android-bundle script 'npm run ns-bundle --android --start-app'.
23 error Make sure you have the latest version of node.js and npm installed.
23 error If you do, this is most likely a problem with the  package,
23 error not with npm itself.
23 error Tell the author that this fails on your system:
23 error     npm run ns-bundle --android --start-app
23 error You can get information on how to open an issue for this project with:
23 error     npm bugs
23 error Or if that isn't available, you can get their info via:
23 error     npm owner ls
23 error There is likely additional logging output above.
24 verbose exit [ 1, true ]
